<?xml version="1.0" encoding="UTF-8"?>
<testng-results ignored="0" total="8" passed="8" failed="0" skipped="0">
  <reporter-output>
  </reporter-output>
  <suite started-at="2022-03-22T11:16:09 IST" name="Suite" finished-at="2022-03-22T11:19:11 IST" duration-ms="181820">
    <groups>
    </groups>
    <test started-at="2022-03-22T11:16:09 IST" name="ChromeTest" finished-at="2022-03-22T11:16:49 IST" duration-ms="39170">
      <class name="TestClass.SignupPageTestNG">
        <test-method is-config="true" signature="lounchBrowser(java.lang.String)[pri:0, instance:TestClass.SignupPageTestNG@4a7f959b]" started-at="2022-03-22T11:16:11 IST" name="lounchBrowser" finished-at="2022-03-22T11:16:13 IST" duration-ms="1103" status="PASS">
          <params>
            <param index="0">
              <value>
                <![CDATA[Chrome]]>
              </value>
            </param>
          </params>
          <reporter-output>
          </reporter-output>
        </test-method> <!-- lounchBrowser -->
        <test-method is-config="true" signature="creatObjectofPOMClasses()[pri:0, instance:TestClass.SignupPageTestNG@4a7f959b]" started-at="2022-03-22T11:16:13 IST" name="creatObjectofPOMClasses" finished-at="2022-03-22T11:16:13 IST" duration-ms="39" status="PASS">
          <reporter-output>
          </reporter-output>
        </test-method> <!-- creatObjectofPOMClasses -->
        <test-method is-config="true" signature="signupPage()[pri:0, instance:TestClass.SignupPageTestNG@4a7f959b]" started-at="2022-03-22T11:16:13 IST" name="signupPage" finished-at="2022-03-22T11:16:47 IST" duration-ms="34252" status="PASS">
          <reporter-output>
          </reporter-output>
        </test-method> <!-- signupPage -->
        <test-method signature="verifySignupPage()[pri:0, instance:TestClass.SignupPageTestNG@4a7f959b]" started-at="2022-03-22T11:16:47 IST" name="verifySignupPage" finished-at="2022-03-22T11:16:47 IST" duration-ms="40" status="PASS">
          <reporter-output>
          </reporter-output>
        </test-method> <!-- verifySignupPage -->
        <test-method is-config="true" signature="logOut()[pri:0, instance:TestClass.SignupPageTestNG@4a7f959b]" started-at="2022-03-22T11:16:47 IST" name="logOut" finished-at="2022-03-22T11:16:47 IST" duration-ms="1" status="PASS">
          <reporter-output>
          </reporter-output>
        </test-method> <!-- logOut -->
        <test-method is-config="true" signature="clearPOMObject()[pri:0, instance:TestClass.SignupPageTestNG@4a7f959b]" started-at="2022-03-22T11:16:47 IST" name="clearPOMObject" finished-at="2022-03-22T11:16:47 IST" duration-ms="0" status="PASS">
          <reporter-output>
          </reporter-output>
        </test-method> <!-- clearPOMObject -->
        <test-method is-config="true" signature="closeBrowser()[pri:0, instance:TestClass.SignupPageTestNG@4a7f959b]" started-at="2022-03-22T11:16:48 IST" name="closeBrowser" finished-at="2022-03-22T11:16:49 IST" duration-ms="293" status="PASS">
          <reporter-output>
          </reporter-output>
        </test-method> <!-- closeBrowser -->
      </class> <!-- TestClass.SignupPageTestNG -->
      <class name="TestClass.LoginPageTestNG">
        <test-method is-config="true" signature="lounchBrowser(java.lang.String)[pri:0, instance:TestClass.LoginPageTestNG@759d26fb]" started-at="2022-03-22T11:16:09 IST" name="lounchBrowser" finished-at="2022-03-22T11:16:11 IST" duration-ms="2125" status="PASS">
          <params>
            <param index="0">
              <value>
                <![CDATA[Chrome]]>
              </value>
            </param>
          </params>
          <reporter-output>
          </reporter-output>
        </test-method> <!-- lounchBrowser -->
        <test-method is-config="true" signature="creatObjectofPOMClasses()[pri:0, instance:TestClass.LoginPageTestNG@759d26fb]" started-at="2022-03-22T11:16:13 IST" name="creatObjectofPOMClasses" finished-at="2022-03-22T11:16:13 IST" duration-ms="36" status="PASS">
          <reporter-output>
          </reporter-output>
        </test-method> <!-- creatObjectofPOMClasses -->
        <test-method is-config="true" signature="loginPage()[pri:0, instance:TestClass.LoginPageTestNG@759d26fb]" started-at="2022-03-22T11:16:13 IST" name="loginPage" finished-at="2022-03-22T11:16:48 IST" duration-ms="35154" status="PASS">
          <reporter-output>
          </reporter-output>
        </test-method> <!-- loginPage -->
        <test-method signature="verifyLoginPage()[pri:0, instance:TestClass.LoginPageTestNG@759d26fb]" started-at="2022-03-22T11:16:48 IST" name="verifyLoginPage" finished-at="2022-03-22T11:16:48 IST" duration-ms="58" status="PASS">
          <reporter-output>
          </reporter-output>
        </test-method> <!-- verifyLoginPage -->
        <test-method is-config="true" signature="logOut()[pri:0, instance:TestClass.LoginPageTestNG@759d26fb]" started-at="2022-03-22T11:16:48 IST" name="logOut" finished-at="2022-03-22T11:16:48 IST" duration-ms="0" status="PASS">
          <reporter-output>
          </reporter-output>
        </test-method> <!-- logOut -->
        <test-method is-config="true" signature="clearPOMObject()[pri:0, instance:TestClass.LoginPageTestNG@759d26fb]" started-at="2022-03-22T11:16:48 IST" name="clearPOMObject" finished-at="2022-03-22T11:16:48 IST" duration-ms="0" status="PASS">
          <reporter-output>
          </reporter-output>
        </test-method> <!-- clearPOMObject -->
        <test-method is-config="true" signature="closeBrowser()[pri:0, instance:TestClass.LoginPageTestNG@759d26fb]" started-at="2022-03-22T11:16:48 IST" name="closeBrowser" finished-at="2022-03-22T11:16:48 IST" duration-ms="352" status="PASS">
          <reporter-output>
          </reporter-output>
        </test-method> <!-- closeBrowser -->
      </class> <!-- TestClass.LoginPageTestNG -->
    </test> <!-- ChromeTest -->
    <test started-at="2022-03-22T11:16:49 IST" name="OperaTest" finished-at="2022-03-22T11:17:44 IST" duration-ms="55271">
      <class name="TestClass.SignupPageTestNG">
        <test-method is-config="true" signature="lounchBrowser(java.lang.String)[pri:0, instance:TestClass.SignupPageTestNG@1e04fa0a]" started-at="2022-03-22T11:17:04 IST" name="lounchBrowser" finished-at="2022-03-22T11:17:05 IST" duration-ms="1274" status="PASS">
          <params>
            <param index="0">
              <value>
                <![CDATA[Opera]]>
              </value>
            </param>
          </params>
          <reporter-output>
          </reporter-output>
        </test-method> <!-- lounchBrowser -->
        <test-method is-config="true" signature="creatObjectofPOMClasses()[pri:0, instance:TestClass.SignupPageTestNG@1e04fa0a]" started-at="2022-03-22T11:17:05 IST" name="creatObjectofPOMClasses" finished-at="2022-03-22T11:17:05 IST" duration-ms="1" status="PASS">
          <reporter-output>
          </reporter-output>
        </test-method> <!-- creatObjectofPOMClasses -->
        <test-method is-config="true" signature="signupPage()[pri:0, instance:TestClass.SignupPageTestNG@1e04fa0a]" started-at="2022-03-22T11:17:05 IST" name="signupPage" finished-at="2022-03-22T11:17:39 IST" duration-ms="34407" status="PASS">
          <reporter-output>
          </reporter-output>
        </test-method> <!-- signupPage -->
        <test-method signature="verifySignupPage()[pri:0, instance:TestClass.SignupPageTestNG@1e04fa0a]" started-at="2022-03-22T11:17:39 IST" name="verifySignupPage" finished-at="2022-03-22T11:17:39 IST" duration-ms="38" status="PASS">
          <reporter-output>
          </reporter-output>
        </test-method> <!-- verifySignupPage -->
        <test-method is-config="true" signature="logOut()[pri:0, instance:TestClass.SignupPageTestNG@1e04fa0a]" started-at="2022-03-22T11:17:39 IST" name="logOut" finished-at="2022-03-22T11:17:39 IST" duration-ms="0" status="PASS">
          <reporter-output>
          </reporter-output>
        </test-method> <!-- logOut -->
        <test-method is-config="true" signature="clearPOMObject()[pri:0, instance:TestClass.SignupPageTestNG@1e04fa0a]" started-at="2022-03-22T11:17:39 IST" name="clearPOMObject" finished-at="2022-03-22T11:17:39 IST" duration-ms="1" status="PASS">
          <reporter-output>
          </reporter-output>
        </test-method> <!-- clearPOMObject -->
        <test-method is-config="true" signature="closeBrowser()[pri:0, instance:TestClass.SignupPageTestNG@1e04fa0a]" started-at="2022-03-22T11:17:43 IST" name="closeBrowser" finished-at="2022-03-22T11:17:44 IST" duration-ms="665" status="PASS">
          <reporter-output>
          </reporter-output>
        </test-method> <!-- closeBrowser -->
      </class> <!-- TestClass.SignupPageTestNG -->
      <class name="TestClass.LoginPageTestNG">
        <test-method is-config="true" signature="lounchBrowser(java.lang.String)[pri:0, instance:TestClass.LoginPageTestNG@66d3eec0]" started-at="2022-03-22T11:16:49 IST" name="lounchBrowser" finished-at="2022-03-22T11:17:04 IST" duration-ms="14901" status="PASS">
          <params>
            <param index="0">
              <value>
                <![CDATA[Opera]]>
              </value>
            </param>
          </params>
          <reporter-output>
          </reporter-output>
        </test-method> <!-- lounchBrowser -->
        <test-method is-config="true" signature="creatObjectofPOMClasses()[pri:0, instance:TestClass.LoginPageTestNG@66d3eec0]" started-at="2022-03-22T11:17:05 IST" name="creatObjectofPOMClasses" finished-at="2022-03-22T11:17:05 IST" duration-ms="1" status="PASS">
          <reporter-output>
          </reporter-output>
        </test-method> <!-- creatObjectofPOMClasses -->
        <test-method is-config="true" signature="loginPage()[pri:0, instance:TestClass.LoginPageTestNG@66d3eec0]" started-at="2022-03-22T11:17:05 IST" name="loginPage" finished-at="2022-03-22T11:17:43 IST" duration-ms="37743" status="PASS">
          <reporter-output>
          </reporter-output>
        </test-method> <!-- loginPage -->
        <test-method signature="verifyLoginPage()[pri:0, instance:TestClass.LoginPageTestNG@66d3eec0]" started-at="2022-03-22T11:17:43 IST" name="verifyLoginPage" finished-at="2022-03-22T11:17:43 IST" duration-ms="54" status="PASS">
          <reporter-output>
          </reporter-output>
        </test-method> <!-- verifyLoginPage -->
        <test-method is-config="true" signature="logOut()[pri:0, instance:TestClass.LoginPageTestNG@66d3eec0]" started-at="2022-03-22T11:17:43 IST" name="logOut" finished-at="2022-03-22T11:17:43 IST" duration-ms="1" status="PASS">
          <reporter-output>
          </reporter-output>
        </test-method> <!-- logOut -->
        <test-method is-config="true" signature="clearPOMObject()[pri:0, instance:TestClass.LoginPageTestNG@66d3eec0]" started-at="2022-03-22T11:17:43 IST" name="clearPOMObject" finished-at="2022-03-22T11:17:43 IST" duration-ms="0" status="PASS">
          <reporter-output>
          </reporter-output>
        </test-method> <!-- clearPOMObject -->
        <test-method is-config="true" signature="closeBrowser()[pri:0, instance:TestClass.LoginPageTestNG@66d3eec0]" started-at="2022-03-22T11:17:43 IST" name="closeBrowser" finished-at="2022-03-22T11:17:43 IST" duration-ms="627" status="PASS">
          <reporter-output>
          </reporter-output>
        </test-method> <!-- closeBrowser -->
      </class> <!-- TestClass.LoginPageTestNG -->
    </test> <!-- OperaTest -->
    <test started-at="2022-03-22T11:17:44 IST" name="EdgeTest" finished-at="2022-03-22T11:18:24 IST" duration-ms="39669">
      <class name="TestClass.SignupPageTestNG">
        <test-method is-config="true" signature="lounchBrowser(java.lang.String)[pri:0, instance:TestClass.SignupPageTestNG@f5acb9d]" started-at="2022-03-22T11:17:45 IST" name="lounchBrowser" finished-at="2022-03-22T11:17:48 IST" duration-ms="2693" status="PASS">
          <params>
            <param index="0">
              <value>
                <![CDATA[Edge]]>
              </value>
            </param>
          </params>
          <reporter-output>
          </reporter-output>
        </test-method> <!-- lounchBrowser -->
        <test-method is-config="true" signature="creatObjectofPOMClasses()[pri:0, instance:TestClass.SignupPageTestNG@f5acb9d]" started-at="2022-03-22T11:17:48 IST" name="creatObjectofPOMClasses" finished-at="2022-03-22T11:17:48 IST" duration-ms="2" status="PASS">
          <reporter-output>
          </reporter-output>
        </test-method> <!-- creatObjectofPOMClasses -->
        <test-method is-config="true" signature="signupPage()[pri:0, instance:TestClass.SignupPageTestNG@f5acb9d]" started-at="2022-03-22T11:17:48 IST" name="signupPage" finished-at="2022-03-22T11:18:23 IST" duration-ms="34347" status="PASS">
          <reporter-output>
          </reporter-output>
        </test-method> <!-- signupPage -->
        <test-method signature="verifySignupPage()[pri:0, instance:TestClass.SignupPageTestNG@f5acb9d]" started-at="2022-03-22T11:18:23 IST" name="verifySignupPage" finished-at="2022-03-22T11:18:23 IST" duration-ms="24" status="PASS">
          <reporter-output>
          </reporter-output>
        </test-method> <!-- verifySignupPage -->
        <test-method is-config="true" signature="logOut()[pri:0, instance:TestClass.SignupPageTestNG@f5acb9d]" started-at="2022-03-22T11:18:23 IST" name="logOut" finished-at="2022-03-22T11:18:23 IST" duration-ms="1" status="PASS">
          <reporter-output>
          </reporter-output>
        </test-method> <!-- logOut -->
        <test-method is-config="true" signature="clearPOMObject()[pri:0, instance:TestClass.SignupPageTestNG@f5acb9d]" started-at="2022-03-22T11:18:23 IST" name="clearPOMObject" finished-at="2022-03-22T11:18:23 IST" duration-ms="0" status="PASS">
          <reporter-output>
          </reporter-output>
        </test-method> <!-- clearPOMObject -->
        <test-method is-config="true" signature="closeBrowser()[pri:0, instance:TestClass.SignupPageTestNG@f5acb9d]" started-at="2022-03-22T11:18:23 IST" name="closeBrowser" finished-at="2022-03-22T11:18:24 IST" duration-ms="512" status="PASS">
          <reporter-output>
          </reporter-output>
        </test-method> <!-- closeBrowser -->
      </class> <!-- TestClass.SignupPageTestNG -->
      <class name="TestClass.LoginPageTestNG">
        <test-method is-config="true" signature="lounchBrowser(java.lang.String)[pri:0, instance:TestClass.LoginPageTestNG@543588e6]" started-at="2022-03-22T11:17:44 IST" name="lounchBrowser" finished-at="2022-03-22T11:17:45 IST" duration-ms="1507" status="PASS">
          <params>
            <param index="0">
              <value>
                <![CDATA[Edge]]>
              </value>
            </param>
          </params>
          <reporter-output>
          </reporter-output>
        </test-method> <!-- lounchBrowser -->
        <test-method is-config="true" signature="creatObjectofPOMClasses()[pri:0, instance:TestClass.LoginPageTestNG@543588e6]" started-at="2022-03-22T11:17:48 IST" name="creatObjectofPOMClasses" finished-at="2022-03-22T11:17:48 IST" duration-ms="4" status="PASS">
          <reporter-output>
          </reporter-output>
        </test-method> <!-- creatObjectofPOMClasses -->
        <test-method is-config="true" signature="loginPage()[pri:0, instance:TestClass.LoginPageTestNG@543588e6]" started-at="2022-03-22T11:17:48 IST" name="loginPage" finished-at="2022-03-22T11:18:21 IST" duration-ms="33075" status="PASS">
          <reporter-output>
          </reporter-output>
        </test-method> <!-- loginPage -->
        <test-method signature="verifyLoginPage()[pri:0, instance:TestClass.LoginPageTestNG@543588e6]" started-at="2022-03-22T11:18:21 IST" name="verifyLoginPage" finished-at="2022-03-22T11:18:21 IST" duration-ms="55" status="PASS">
          <reporter-output>
          </reporter-output>
        </test-method> <!-- verifyLoginPage -->
        <test-method is-config="true" signature="logOut()[pri:0, instance:TestClass.LoginPageTestNG@543588e6]" started-at="2022-03-22T11:18:21 IST" name="logOut" finished-at="2022-03-22T11:18:21 IST" duration-ms="0" status="PASS">
          <reporter-output>
          </reporter-output>
        </test-method> <!-- logOut -->
        <test-method is-config="true" signature="clearPOMObject()[pri:0, instance:TestClass.LoginPageTestNG@543588e6]" started-at="2022-03-22T11:18:21 IST" name="clearPOMObject" finished-at="2022-03-22T11:18:21 IST" duration-ms="0" status="PASS">
          <reporter-output>
          </reporter-output>
        </test-method> <!-- clearPOMObject -->
        <test-method is-config="true" signature="closeBrowser()[pri:0, instance:TestClass.LoginPageTestNG@543588e6]" started-at="2022-03-22T11:18:23 IST" name="closeBrowser" finished-at="2022-03-22T11:18:23 IST" duration-ms="558" status="PASS">
          <reporter-output>
          </reporter-output>
        </test-method> <!-- closeBrowser -->
      </class> <!-- TestClass.LoginPageTestNG -->
    </test> <!-- EdgeTest -->
    <test started-at="2022-03-22T11:18:24 IST" name="FirefoxTest" finished-at="2022-03-22T11:19:11 IST" duration-ms="47512">
      <class name="TestClass.SignupPageTestNG">
        <test-method is-config="true" signature="beforesuite()[pri:0, instance:TestClass.SignupPageTestNG@5ba3f27a]" started-at="2022-03-22T11:16:09 IST" name="beforesuite" finished-at="2022-03-22T11:16:09 IST" duration-ms="0" status="PASS">
          <reporter-output>
          </reporter-output>
        </test-method> <!-- beforesuite -->
        <test-method is-config="true" signature="lounchBrowser(java.lang.String)[pri:0, instance:TestClass.SignupPageTestNG@5ba3f27a]" started-at="2022-03-22T11:18:29 IST" name="lounchBrowser" finished-at="2022-03-22T11:18:33 IST" duration-ms="3760" status="PASS">
          <params>
            <param index="0">
              <value>
                <![CDATA[Firefox]]>
              </value>
            </param>
          </params>
          <reporter-output>
          </reporter-output>
        </test-method> <!-- lounchBrowser -->
        <test-method is-config="true" signature="creatObjectofPOMClasses()[pri:0, instance:TestClass.SignupPageTestNG@5ba3f27a]" started-at="2022-03-22T11:18:33 IST" name="creatObjectofPOMClasses" finished-at="2022-03-22T11:18:33 IST" duration-ms="0" status="PASS">
          <reporter-output>
          </reporter-output>
        </test-method> <!-- creatObjectofPOMClasses -->
        <test-method is-config="true" signature="signupPage()[pri:0, instance:TestClass.SignupPageTestNG@5ba3f27a]" started-at="2022-03-22T11:18:33 IST" name="signupPage" finished-at="2022-03-22T11:19:08 IST" duration-ms="34965" status="PASS">
          <reporter-output>
          </reporter-output>
        </test-method> <!-- signupPage -->
        <test-method signature="verifySignupPage()[pri:0, instance:TestClass.SignupPageTestNG@5ba3f27a]" started-at="2022-03-22T11:19:08 IST" name="verifySignupPage" finished-at="2022-03-22T11:19:08 IST" duration-ms="9" status="PASS">
          <reporter-output>
          </reporter-output>
        </test-method> <!-- verifySignupPage -->
        <test-method is-config="true" signature="logOut()[pri:0, instance:TestClass.SignupPageTestNG@5ba3f27a]" started-at="2022-03-22T11:19:08 IST" name="logOut" finished-at="2022-03-22T11:19:08 IST" duration-ms="0" status="PASS">
          <reporter-output>
          </reporter-output>
        </test-method> <!-- logOut -->
        <test-method is-config="true" signature="clearPOMObject()[pri:0, instance:TestClass.SignupPageTestNG@5ba3f27a]" started-at="2022-03-22T11:19:08 IST" name="clearPOMObject" finished-at="2022-03-22T11:19:08 IST" duration-ms="0" status="PASS">
          <reporter-output>
          </reporter-output>
        </test-method> <!-- clearPOMObject -->
        <test-method is-config="true" signature="closeBrowser()[pri:0, instance:TestClass.SignupPageTestNG@5ba3f27a]" started-at="2022-03-22T11:19:10 IST" name="closeBrowser" finished-at="2022-03-22T11:19:11 IST" duration-ms="1101" status="PASS">
          <reporter-output>
          </reporter-output>
        </test-method> <!-- closeBrowser -->
        <test-method is-config="true" signature="aftersuite()[pri:0, instance:TestClass.SignupPageTestNG@5ba3f27a]" started-at="2022-03-22T11:19:11 IST" name="aftersuite" finished-at="2022-03-22T11:19:11 IST" duration-ms="0" status="PASS">
          <reporter-output>
          </reporter-output>
        </test-method> <!-- aftersuite -->
      </class> <!-- TestClass.SignupPageTestNG -->
      <class name="TestClass.LoginPageTestNG">
        <test-method is-config="true" signature="beforesuite()[pri:0, instance:TestClass.LoginPageTestNG@2c35e847]" started-at="2022-03-22T11:16:09 IST" name="beforesuite" finished-at="2022-03-22T11:16:09 IST" duration-ms="11" status="PASS">
          <reporter-output>
          </reporter-output>
        </test-method> <!-- beforesuite -->
        <test-method is-config="true" signature="lounchBrowser(java.lang.String)[pri:0, instance:TestClass.LoginPageTestNG@2c35e847]" started-at="2022-03-22T11:18:24 IST" name="lounchBrowser" finished-at="2022-03-22T11:18:29 IST" duration-ms="5827" status="PASS">
          <params>
            <param index="0">
              <value>
                <![CDATA[Firefox]]>
              </value>
            </param>
          </params>
          <reporter-output>
          </reporter-output>
        </test-method> <!-- lounchBrowser -->
        <test-method is-config="true" signature="creatObjectofPOMClasses()[pri:0, instance:TestClass.LoginPageTestNG@2c35e847]" started-at="2022-03-22T11:18:33 IST" name="creatObjectofPOMClasses" finished-at="2022-03-22T11:18:33 IST" duration-ms="0" status="PASS">
          <reporter-output>
          </reporter-output>
        </test-method> <!-- creatObjectofPOMClasses -->
        <test-method is-config="true" signature="loginPage()[pri:0, instance:TestClass.LoginPageTestNG@2c35e847]" started-at="2022-03-22T11:18:33 IST" name="loginPage" finished-at="2022-03-22T11:19:08 IST" duration-ms="35013" status="PASS">
          <reporter-output>
          </reporter-output>
        </test-method> <!-- loginPage -->
        <test-method signature="verifyLoginPage()[pri:0, instance:TestClass.LoginPageTestNG@2c35e847]" started-at="2022-03-22T11:19:08 IST" name="verifyLoginPage" finished-at="2022-03-22T11:19:08 IST" duration-ms="53" status="PASS">
          <reporter-output>
          </reporter-output>
        </test-method> <!-- verifyLoginPage -->
        <test-method is-config="true" signature="logOut()[pri:0, instance:TestClass.LoginPageTestNG@2c35e847]" started-at="2022-03-22T11:19:08 IST" name="logOut" finished-at="2022-03-22T11:19:08 IST" duration-ms="0" status="PASS">
          <reporter-output>
          </reporter-output>
        </test-method> <!-- logOut -->
        <test-method is-config="true" signature="closeBrowser()[pri:0, instance:TestClass.LoginPageTestNG@2c35e847]" started-at="2022-03-22T11:19:08 IST" name="closeBrowser" finished-at="2022-03-22T11:19:10 IST" duration-ms="1753" status="PASS">
          <reporter-output>
          </reporter-output>
        </test-method> <!-- closeBrowser -->
        <test-method is-config="true" signature="clearPOMObject()[pri:0, instance:TestClass.LoginPageTestNG@2c35e847]" started-at="2022-03-22T11:19:08 IST" name="clearPOMObject" finished-at="2022-03-22T11:19:08 IST" duration-ms="0" status="PASS">
          <reporter-output>
          </reporter-output>
        </test-method> <!-- clearPOMObject -->
        <test-method is-config="true" signature="aftersuite()[pri:0, instance:TestClass.LoginPageTestNG@2c35e847]" started-at="2022-03-22T11:19:11 IST" name="aftersuite" finished-at="2022-03-22T11:19:11 IST" duration-ms="1" status="PASS">
          <reporter-output>
          </reporter-output>
        </test-method> <!-- aftersuite -->
      </class> <!-- TestClass.LoginPageTestNG -->
    </test> <!-- FirefoxTest -->
  </suite> <!-- Suite -->
</testng-results>
